2009-05-04T12:33:57 Checking update-file '/usr/share/apps/kconf_update/khotkeys_printscreen.upd' for new updates
2009-05-04T12:33:57 khotkeys_printscreen.upd: Found new update 'printscreen'
2009-05-04T12:33:57 khotkeys_printscreen.upd: Running script 'khotkeys_update' with arguments '--id printscreen'
2009-05-04T12:33:58 Checking update-file '/usr/share/apps/kconf_update/kmail.upd' for new updates
2009-05-04T12:33:58 kmail.upd: Found new update '1'
2009-05-04T12:33:58 kmail.upd: Running script 'upgrade-transport.pl'
2009-05-04T12:33:58 kmail.upd: Script removes kmailrc:sending mail:Mailer
2009-05-04T12:33:58 kmail.upd: Script removes kmailrc:sending mail:Method
2009-05-04T12:33:58 kmail.upd: Script removes kmailrc:sending mail:Precommand
2009-05-04T12:33:58 kmail.upd: Script removes kmailrc:sending mail:Smtp Host
2009-05-04T12:33:58 kmail.upd: Script removes kmailrc:sending mail:Smtp Password
2009-05-04T12:33:58 kmail.upd: Script removes kmailrc:sending mail:Smtp Port
2009-05-04T12:33:58 kmail.upd: Script removes kmailrc:sending mail:Smtp Username
2009-05-04T12:33:58 kmail.upd: Found new update '4'
2009-05-04T12:33:58 kmail.upd: Found new update '5'
2009-05-04T12:33:58 kmail.upd: Found new update '6'
2009-05-04T12:33:58 kmail.upd: Found new update '7'
2009-05-04T12:33:58 kmail.upd: Found new update '8'
2009-05-04T12:33:58 kmail.upd: Running script 'kmail-pgpidentity.pl'
2009-05-04T12:33:58 kmail.upd: Found new update '9'
2009-05-04T12:33:58 kmail.upd: Running script 'upgrade-signature.pl'
2009-05-04T12:33:58 kmail.upd: Found new update '3.1-update-identities'
2009-05-04T12:33:58 kmail.upd: Running script 'kmail-upd-identities.pl'
2009-05-04T12:33:58 kmail.upd: Found new update '3.1-use-identity-uoids'
2009-05-04T12:33:58 kmail.upd: Running script 'kmail-3.1-use-UOID-for-identities.pl'
2009-05-04T12:33:58 [Script] Use of uninitialized value in hash element at /usr/share/apps/kconf_update/kmail-3.1-use-UOID-for-identities.pl line 45.
2009-05-04T12:33:58 [Script] Use of uninitialized value within %nameToUOID in concatenation (.) or string at /usr/share/apps/kconf_update/kmail-3.1-use-UOID-for-identities.pl line 45.
2009-05-04T12:33:58 [Script] Use of uninitialized value in hash element at /usr/share/apps/kconf_update/kmail-3.1-use-UOID-for-identities.pl line 49.
2009-05-04T12:33:58 [Script] Use of uninitialized value within %nameToUOID in concatenation (.) or string at /usr/share/apps/kconf_update/kmail-3.1-use-UOID-for-identities.pl line 49.
2009-05-04T12:33:58 kmail.upd: Script removes kmailrc:General:Default Identity
2009-05-04T12:33:58 kmail.upd: Script removes kmailrc:Composer:previous-identity
2009-05-04T12:33:58 kmail.upd: Updating kmailrc:Composer:previous-identity to ''
2009-05-04T12:33:58 kmail.upd: Updating kmailrc:General:Default Identity to ''
2009-05-04T12:33:58 kmail.upd: Found new update '3.1-new-mail-notification'
2009-05-04T12:33:58 kmail.upd: Running script 'kmail-3.1-update-new-mail-notification-settings.pl'
2009-05-04T12:33:58 kmail.upd: Script removes kmailrc:General:msgbox-on-mail
2009-05-04T12:33:58 kmail.upd: Script removes kmailrc:General:exec-on-mail
2009-05-04T12:33:58 kmail.upd: Script removes kmailrc:General:exec-on-mail-cmd
2009-05-04T12:33:58 kmail.upd: Found new update '3.2-update-loop-on-goto-unread-settings'
2009-05-04T12:33:58 kmail.upd: Running script 'kmail-3.2-update-loop-on-goto-unread-settings.sh'
2009-05-04T12:33:58 kmail.upd: Found new update '3.1.4-dont-use-UOID-0-for-any-identity'
2009-05-04T12:33:58 kmail.upd: Running script 'kmail-3.1.4-dont-use-UOID-0-for-any-identity.pl'
2009-05-04T12:33:58 kmail.upd: Found new update '3.2-misc'
2009-05-04T12:33:58 kmail.upd: Running script 'kmail-3.2-misc.sh'
2009-05-04T12:33:58 kmail.upd: Found new update '3.2-moves'
2009-05-04T12:33:58 kmail.upd: Found new update '3.3-use-ID-for-accounts'
2009-05-04T12:33:58 kmail.upd: Running script 'kmail-3.3-use-ID-for-accounts.pl'
2009-05-04T12:33:58 kmail.upd: Found new update '3.3-update-filter-rules'
2009-05-04T12:33:58 kmail.upd: !! Script 'kmail-3.3-update-filter-rules.pl' not found in line 99 : 'Script=kmail-3.3-update-filter-rules.pl,perl'
2009-05-04T12:33:58 kmail.upd: Found new update '3.3-move-identities-to-own-file'
2009-05-04T12:33:58 kmail.upd: Running script 'kmail-3.3-move-identities.pl'
2009-05-04T12:33:58 kmail.upd: Script removes kmailrc:General:Default Identity
2009-05-04T12:33:58 kmail.upd: Updating emailidentities:General:Default Identity to ''
2009-05-04T12:33:58 kmail.upd: Found new update '3.3-aegypten-kpgprc-to-kmailrc'
2009-05-04T12:33:58 kmail.upd: Found new update '3.3-aegypten-kpgprc-to-libkleopatrarc'
2009-05-04T12:33:58 kmail.upd: Running script 'kmail-3.3-aegypten.pl'
2009-05-04T12:33:58 kmail.upd: Found new update '3.3-aegypten-emailidentities-split-sign-encr-keys'
2009-05-04T12:33:58 kmail.upd: Running script 'kmail-3.3-split-sign-encr-keys.sh'
2009-05-04T12:33:58 kmail.upd: Found new update '3.3-misc'
2009-05-04T12:33:58 kmail.upd: Running script 'kmail-3.3-misc.pl'
2009-05-04T12:33:58 kmail.upd: Found new update '3.3b1-misc'
2009-05-04T12:33:58 kmail.upd: Running script 'kmail-3.3b1-misc.pl'
2009-05-04T12:33:58 kmail.upd: Found new update '3.4'
2009-05-04T12:33:58 kmail.upd: Running script 'kmail-3.4-misc.pl'
2009-05-04T12:33:58 kmail.upd: Found new update '3.4a'
2009-05-04T12:33:58 kmail.upd: Found new update '3.4b'
2009-05-04T12:33:58 kmail.upd: Found new update '3.4.1'
2009-05-04T12:33:58 kmail.upd: Running script 'kmail-3.4.1-update-status-filters.pl'
2009-05-04T12:33:58 kmail.upd: Found new update '3.5-filter-icons'
2009-05-04T12:33:58 kmail.upd: Running script 'kmail-3.5-filter-icons.pl'
2009-05-04T12:33:58 kmail.upd: Found new update '3.5.4'
2009-05-04T12:33:58 kmail.upd: Found new update '3.5.7-imap-flag-migration-2'
2009-05-04T12:33:58 kmail.upd: Running script 'kmail-3.5-trigger-flag-migration.pl'
2009-05-04T12:33:58 Checking update-file '/usr/share/apps/kconf_update/favicons.upd' for new updates
2009-05-04T12:33:58 favicons.upd: Found new update 'kde3_2'
2009-05-04T12:33:58 favicons.upd: Running script 'move_favicons.sh'
2009-05-04T12:33:58 Checking update-file '/usr/share/apps/kconf_update/kpilot.upd' for new updates
2009-05-04T12:33:58 kpilot.upd: Found new update 'kdepim_3.3'
2009-05-04T12:33:58 kpilot.upd: Found new update 'kdepim_3.3_SplitConfig'
2009-05-04T12:33:58 kpilot.upd: Skipping update 'kdepim_3.3_SplitConfig'
2009-05-04T12:33:58 Checking update-file '/usr/share/apps/kconf_update/kcookiescfg.upd' for new updates
2009-05-04T12:33:58 kcookiescfg.upd: Found new update 'kde2.2/b1'
2009-05-04T12:33:58 kcookiescfg.upd: Found new update 'kde3.1/cvs'
2009-05-04T12:33:58 Checking update-file '/usr/share/apps/kconf_update/korn-3-4-config_change.upd' for new updates
2009-05-04T12:33:58 korn-3-4-config_change.upd: Found new update 'korn_kde_3_4_config_change'
2009-05-04T12:33:58 korn-3-4-config_change.upd: Running script 'korn-3-4-config_change'
2009-05-04T12:33:58 Checking update-file '/usr/share/apps/kconf_update/kcmdisplayrc.upd' for new updates
2009-05-04T12:33:59 kcmdisplayrc.upd: Found new update 'kde3'
2009-05-04T12:33:59 Checking update-file '/usr/share/apps/kconf_update/konqueror_gestures_kde321_update.upd' for new updates
2009-05-04T12:33:59 konqueror_gestures_kde321_update.upd: Found new update 'kde321'
2009-05-04T12:33:59 konqueror_gestures_kde321_update.upd: Running script 'khotkeys_update' with arguments '--id konqueror_gestures_kde321'
2009-05-04T12:33:59 Checking update-file '/usr/share/apps/kconf_update/noatun.upd' for new updates
2009-05-04T12:33:59 noatun.upd: Found new update 'noatun20'
2009-05-04T12:33:59 noatun.upd: Running script 'noatun20update'
2009-05-04T12:33:59 Checking update-file '/usr/share/apps/kconf_update/mouse_cursor_theme.upd' for new updates
2009-05-04T12:33:59 mouse_cursor_theme.upd: Found new update 'kde3.4.99'
2009-05-04T12:33:59 Checking update-file '/usr/share/apps/kconf_update/audiocd.upd' for new updates
2009-05-04T12:33:59 audiocd.upd: Found new update '1'
2009-05-04T12:33:59 audiocd.upd: Running script 'upgrade-metadata.sh'
2009-05-04T12:33:59 Checking update-file '/usr/share/apps/kconf_update/kpgp.upd' for new updates
2009-05-04T12:33:59 kpgp.upd: Found new update 'preKDE3_a'
2009-05-04T12:33:59 kpgp.upd: Found new update '3.1-1'
2009-05-04T12:33:59 kpgp.upd: Running script 'kpgp-3.1-upgrade-address-data.pl'
2009-05-04T12:33:59 kpgp.upd: Script removes kpgprc:General:addressKeyEntries
2009-05-04T12:33:59 kpgp.upd: Script removes kpgprc:General:addressEntries
2009-05-04T12:33:59 kpgp.upd: Updating kpgprc:General:addressEntries to '0'
2009-05-04T12:33:59 Checking update-file '/usr/share/apps/kconf_update/konqsidebartng.upd' for new updates
2009-05-04T12:33:59 konqsidebartng.upd: Found new update 'konqsidebartng_rc'
2009-05-04T12:33:59 konqsidebartng.upd: Found new update 'konqsidebartng_entries'
2009-05-04T12:33:59 konqsidebartng.upd: Running script 'move_konqsidebartng_entries.sh'
2009-05-04T12:33:59 Checking update-file '/usr/share/apps/kconf_update/kcharselect.upd' for new updates
2009-05-04T12:33:59 kcharselect.upd: Found new update '1'
2009-05-04T12:33:59 Checking update-file '/usr/share/apps/kconf_update/kwin_focus2.upd' for new updates
2009-05-04T12:33:59 kwin_focus2.upd: Found new update 'kwin_focus2'
2009-05-04T12:33:59 kwin_focus2.upd: Running script 'kwin_focus2.sh'
2009-05-04T12:33:59 Checking update-file '/usr/share/apps/kconf_update/kickerrc.upd' for new updates
2009-05-04T12:33:59 kickerrc.upd: Found new update 'kde_3_1_sizeChanges'
2009-05-04T12:33:59 kickerrc.upd: Running script 'kicker-3.1-properSizeSetting.pl'
2009-05-04T12:33:59 kickerrc.upd: Found new update 'kde_3_4_reverseLayout'
2009-05-04T12:33:59 kickerrc.upd: Running script 'kicker-3.4-reverseLayout'
2009-05-04T12:33:59 kickerrc.upd: Found new update 'kde_3_5_taskbarEnums'
2009-05-04T12:33:59 kickerrc.upd: Running script 'kicker-3.5-taskbarEnums.pl'
2009-05-04T12:33:59 kickerrc.upd: Found new update 'kde_3_5_kconfigXTize'
2009-05-04T12:33:59 kickerrc.upd: Running script 'kicker-3.5-kconfigXTize.pl'
2009-05-04T12:33:59 kickerrc.upd: Updating kickerrc:menus:MenuEntryFormat to 'NameAndDescription'
2009-05-04T12:33:59 Checking update-file '/usr/share/apps/kconf_update/kwinsticky.upd' for new updates
2009-05-04T12:33:59 kwinsticky.upd: Found new update 'stickyupd3.1'
2009-05-04T12:33:59 Checking update-file '/usr/share/apps/kconf_update/kghostview.upd' for new updates
2009-05-04T12:33:59 kghostview.upd: Found new update '1changeToKConfigXT'
2009-05-04T12:33:59 kghostview.upd: Found new update '2changeToKConfigXT'
2009-05-04T12:33:59 kghostview.upd: Running script 'update-to-xt-names.pl'
2009-05-04T12:33:59 Checking update-file '/usr/share/apps/kconf_update/kfmclient_3_2.upd' for new updates
2009-05-04T12:33:59 kfmclient_3_2.upd: Found new update 'kfmclient_3_2'
2009-05-04T12:33:59 kfmclient_3_2.upd: Running script 'kfmclient_3_2_update.sh'
2009-05-04T12:33:59 kfmclient_3_2.upd: Script removes kfmclientrc:Settings:StartNewKonqueror
2009-05-04T12:33:59 Checking update-file '/usr/share/apps/kconf_update/kaudiocreator-meta.upd' for new updates
2009-05-04T12:33:59 kaudiocreator-meta.upd: Found new update '3'
2009-05-04T12:33:59 kaudiocreator-meta.upd: Running script 'upgrade-kaudiocreator-metadata.sh'
2009-05-04T12:33:59 Checking update-file '/usr/share/apps/kconf_update/kioslave.upd' for new updates
2009-05-04T12:33:59 kioslave.upd: Found new update 'kde2.2/r1'
2009-05-04T12:33:59 kioslave.upd: Skipping update 'kde2.2/r1'
2009-05-04T12:33:59 kioslave.upd: Found new update 'kde2.2/r2'
2009-05-04T12:33:59 kioslave.upd: Running script 'useragent.pl'
2009-05-04T12:33:59 kioslave.upd: Script removes kioslaverc:UserAgent:EntriesCount
2009-05-04T12:33:59 kioslave.upd: Found new update 'kde2.2/r3'
2009-05-04T12:33:59 kioslave.upd: Running script 'proxytype.pl'
2009-05-04T12:33:59 kioslave.upd: Script removes kioslaverc:Proxy Settings:UseProxy
2009-05-04T12:33:59 Checking update-file '/usr/share/apps/kconf_update/kbabel-difftoproject.upd' for new updates
2009-05-04T12:33:59 kbabel-difftoproject.upd: Found new update 'kde34'
2009-05-04T12:33:59 Checking update-file '/usr/share/apps/kconf_update/kdeprintrc.upd' for new updates
2009-05-04T12:33:59 kdeprintrc.upd: Found new update 'kde-3.1-toolbar'
2009-05-04T12:34:00 kdeprintrc.upd: Skipping kdeprintrc:General:ViewMenuBar, already exists.
2009-05-04T12:34:00 kdeprintrc.upd: RemoveKey removes kdeprintrc:General:ViewToolBar
2009-05-04T12:34:00 Checking update-file '/usr/share/apps/kconf_update/kwin_focus1.upd' for new updates
2009-05-04T12:34:00 kwin_focus1.upd: Found new update 'kwin_focus1'
2009-05-04T12:34:00 kwin_focus1.upd: Running script 'kwin_focus1.sh'
2009-05-04T12:34:00 kwin_focus1.upd: Updating kwinrc:Windows:IgnoreFocusStealingClasses to 'kio_uiserver'
2009-05-04T12:34:00 Checking update-file '/usr/share/apps/kconf_update/knewsticker.upd' for new updates
2009-05-04T12:34:00 knewsticker.upd: Found new update 'KNewsTicker-0.2'
2009-05-04T12:34:00 knewsticker.upd: Running script 'knt-0.1-0.2.pl'
2009-05-04T12:34:00 knewsticker.upd: Found new update 'KNewsTicker-0.2-Rename-KDE3'
2009-05-04T12:34:00 knewsticker.upd: Found new update 'KNewsTicker-0.2-Rename-KDE3.1'
2009-05-04T12:34:00 Checking update-file '/usr/share/apps/kconf_update/kcmcddb-emailsettings.upd' for new updates
2009-05-04T12:34:00 kcmcddb-emailsettings.upd: Found new update 'kcmcddb_emailsettings'
2009-05-04T12:34:00 Checking update-file '/usr/share/apps/kconf_update/socks.upd' for new updates
2009-05-04T12:34:00 socks.upd: Found new update 'kde3.0/r1'
2009-05-04T12:34:00 Checking update-file '/usr/share/apps/kconf_update/kpalmdoc.upd' for new updates
2009-05-04T12:34:00 kpalmdoc.upd: Found new update 'kdepim_3.3'
2009-05-04T12:34:00 Checking update-file '/usr/share/apps/kconf_update/korn-3-5-update.upd' for new updates
2009-05-04T12:34:00 korn-3-5-update.upd: Found new update 'korn-3-5-ssl-update'
2009-05-04T12:34:00 korn-3-5-update.upd: Running script 'korn-3-5-ssl-update.pl'
2009-05-04T12:34:00 korn-3-5-update.upd: Found new update 'korn-3-5-metadata-update'
2009-05-04T12:34:00 korn-3-5-update.upd: Running script 'korn-3-5-metadata-update.pl'
2009-05-04T12:34:00 Checking update-file '/usr/share/apps/kconf_update/kwinupdatewindowsettings.upd' for new updates
2009-05-04T12:34:00 kwinupdatewindowsettings.upd: Found new update 'kde33b1'
2009-05-04T12:34:00 kwinupdatewindowsettings.upd: Running script 'kwin_update_window_settings'
2009-05-04T12:34:00 Checking update-file '/usr/share/apps/kconf_update/kwin3_plugin.upd' for new updates
2009-05-04T12:34:00 kwin3_plugin.upd: Found new update 'kde3.2'
2009-05-04T12:34:00 kwin3_plugin.upd: Running script 'kwin3_plugin.pl'
2009-05-04T12:34:00 kwin3_plugin.upd: Updating kwinrc:Windows:IgnoreFocusStealingClasses to 'kio_uiserver'
2009-05-04T12:34:00 Checking update-file '/usr/share/apps/kconf_update/kolab-resource.upd' for new updates
2009-05-04T12:34:00 kolab-resource.upd: Found new update 'kolab-calendar-resource-rename'
2009-05-04T12:34:00 kolab-resource.upd: Running script 'upgrade-resourcetype.pl'
2009-05-04T12:34:00 kolab-resource.upd: Found new update 'kolab-contact-resource-rename'
2009-05-04T12:34:00 kolab-resource.upd: Running script 'upgrade-resourcetype.pl'
2009-05-04T12:34:00 kolab-resource.upd: Found new update 'kolab-notes-resource-rename'
2009-05-04T12:34:00 kolab-resource.upd: Running script 'upgrade-resourcetype.pl'
2009-05-04T12:34:00 Checking update-file '/usr/share/apps/kconf_update/kuriikwsfilter.upd' for new updates
2009-05-04T12:34:00 kuriikwsfilter.upd: Found new update 'post-kde3.1/cvs'
2009-05-04T12:34:00 Checking update-file '/usr/share/apps/kconf_update/kwin_fsp_workarounds_1.upd' for new updates
2009-05-04T12:34:00 kwin_fsp_workarounds_1.upd: Found new update 'kde351'
2009-05-04T12:34:00 kwin_fsp_workarounds_1.upd: Running script 'kwin_update_default_rules' with arguments 'fsp_workarounds_1.kwinrules'
2009-05-04T12:34:00 kwin_fsp_workarounds_1.upd: !! An error occured while running '/usr/lib/kconf_update_bin/kwin_update_default_rules fsp_workarounds_1.kwinrules'
2009-05-04T12:34:00 Checking update-file '/usr/share/apps/kconf_update/kopete-jabberproxytype-kconf_update.upd' for new updates
2009-05-04T12:34:00 kopete-jabberproxytype-kconf_update.upd: Found new update 'kopete0.9/r1'
2009-05-04T12:34:00 kopete-jabberproxytype-kconf_update.upd: Running script 'kopete-jabberproxytype-kconf_update.sh'
2009-05-04T12:34:00 Checking update-file '/usr/share/apps/kconf_update/kopete-pluginloader.upd' for new updates
2009-05-04T12:34:00 kopete-pluginloader.upd: Found new update 'kopete0.7/r1'
2009-05-04T12:34:00 kopete-pluginloader.upd: Running script 'kopete-pluginloader.pl'
2009-05-04T12:34:00 kopete-pluginloader.upd: Script removes kopeterc::Modules
2009-05-04T12:34:00 kopete-pluginloader.upd: Removing empty group kopeterc:
2009-05-04T12:34:00 Checking update-file '/usr/share/apps/kconf_update/kio_help.upd' for new updates
2009-05-04T12:34:00 kio_help.upd: Found new update 'kde3_2'
2009-05-04T12:34:00 kio_help.upd: Running script 'move_kio_help_cache.sh'
2009-05-04T12:34:00 [Script] mv: ne peut évaluer `/home/amnesia/.kde/share/apps/kio_help/cache': Aucun fichier ou répertoire de ce type
2009-05-04T12:34:00 [Script] rmdir: failed to remove `/home/amnesia/.kde/share/apps/kio_help': Aucun fichier ou répertoire de ce type
2009-05-04T12:34:00 Checking update-file '/usr/share/apps/kconf_update/kate-2.4.upd' for new updates
2009-05-04T12:34:00 kate-2.4.upd: Found new update 'kate2.4'
2009-05-04T12:34:00 Checking update-file '/usr/share/apps/kconf_update/konsole.upd' for new updates
2009-05-04T12:34:00 konsole.upd: Found new update 'kde2.2/r1'
2009-05-04T12:34:00 konsole.upd: Found new update 'kde3.0/r1'
2009-05-04T12:34:00 konsole.upd: Running script 'schemaStrip.pl'
2009-05-04T12:34:00 Checking update-file '/usr/share/apps/kconf_update/kbabel-projectrename.upd' for new updates
2009-05-04T12:34:00 kbabel-projectrename.upd: Found new update 'kde34'
2009-05-04T12:34:00 kbabel-projectrename.upd: parse error in line 4 : 'Author-Email,AuthorEmail'
2009-05-04T12:34:00 kbabel-projectrename.upd: parse error in line 5 : 'Author-Name,AuthorName'
2009-05-04T12:34:00 kbabel-projectrename.upd: parse error in line 6 : 'Local-Author-Name,LocalAuthorName'
2009-05-04T12:34:00 kbabel-projectrename.upd: parse error in line 7 : 'Update-Charset,UpdateCharset'
2009-05-04T12:34:00 kbabel-projectrename.upd: parse error in line 8 : 'Update-Encoding,UpdateEncoding'
2009-05-04T12:34:00 kbabel-projectrename.upd: parse error in line 9 : 'Update-Language-Team,UpdateLanguageTeam'
2009-05-04T12:34:00 kbabel-projectrename.upd: parse error in line 10 : 'Update-Last-Translator,UpdateLastTranslator'
2009-05-04T12:34:00 kbabel-projectrename.upd: parse error in line 11 : 'Update-Project,UpdateProject'
2009-05-04T12:34:00 kbabel-projectrename.upd: parse error in line 12 : 'Update-Revision,UpdateRevision'
2009-05-04T12:34:00 Checking update-file '/usr/share/apps/kconf_update/kopete-nameTracking.upd' for new updates
2009-05-04T12:34:00 kopete-nameTracking.upd: Found new update 'kopete0.9/r1'
2009-05-04T12:34:00 kopete-nameTracking.upd: Running script 'kopete-nameTracking-kconf_update'
2009-05-04T12:34:00 Checking update-file '/usr/share/apps/kconf_update/kopete-jabberpriorityaddition-kconf_update.upd' for new updates
2009-05-04T12:34:00 kopete-jabberpriorityaddition-kconf_update.upd: Found new update 'kopete0.9/r1'
2009-05-04T12:34:00 kopete-jabberpriorityaddition-kconf_update.upd: Running script 'kopete-jabberpriorityaddition-kconf_update.sh'
2009-05-04T12:34:00 Checking update-file '/usr/share/apps/kconf_update/cervisia.upd' for new updates
2009-05-04T12:34:00 cervisia.upd: Found new update 'kde3.2/20021228'
2009-05-04T12:34:00 cervisia.upd: Found new update 'kde3.2/20021229'
2009-05-04T12:34:00 cervisia.upd: Running script 'move_repositories.pl'
2009-05-04T12:34:00 cervisia.upd: Found new update 'kde3.2/20030116'
2009-05-04T12:34:00 cervisia.upd: Found new update 'kde3.2/20030117'
2009-05-04T12:34:00 cervisia.upd: Found new update 'kde3.2/20030118'
2009-05-04T12:34:00 cervisia.upd: Skipping update 'kde3.2/20030118'
2009-05-04T12:34:00 cervisia.upd: Found new update 'kde3.2/20030205'
2009-05-04T12:34:00 cervisia.upd: Found new update 'kde3.2/20030210'
2009-05-04T12:34:00 cervisia.upd: Found new update 'kde3.2/20030211'
2009-05-04T12:34:00 cervisia.upd: Found new update 'kde3.2/20030212'
2009-05-04T12:34:00 cervisia.upd: Found new update 'kde3.2/20030216'
2009-05-04T12:34:00 cervisia.upd: Found new update 'kde3.2/20030725'
2009-05-04T12:34:00 cervisia.upd: Found new update 'kde3.2/20030730'
2009-05-04T12:34:00 cervisia.upd: Running script 'change_colors.pl'
2009-05-04T12:34:01 cervisia.upd: Found new update 'kde3.2/20030829'
2009-05-04T12:34:01 cervisia.upd: Found new update 'kde3.2/20031014'
2009-05-04T12:34:01 cervisia.upd: Found new update 'kde3.4/20041112'
2009-05-04T12:34:01 cervisia.upd: Running script 'cervisia-normalize_cvsroot.pl'
2009-05-04T12:34:01 cervisia.upd: Found new update 'kde3.4/20041207'
2009-05-04T12:34:01 cervisia.upd: Running script 'cervisia-change_repos_list.pl'
2009-05-04T12:34:01 Checking update-file '/usr/share/apps/kconf_update/kaccel.upd' for new updates
2009-05-04T12:34:01 kaccel.upd: Found new update 'kde3.3/r1'
2009-05-04T12:34:01 kaccel.upd: Running script 'convertShortcuts.pl'
2009-05-04T12:34:01 Checking update-file '/usr/share/apps/kconf_update/ksmserver.upd' for new updates
2009-05-04T12:34:01 ksmserver.upd: Found new update 'kde3'
2009-05-04T12:34:01 ksmserver.upd: Running script 'move_session_config.sh'
2009-05-04T12:34:01 Checking update-file '/usr/share/apps/kconf_update/klippershortcuts.upd' for new updates
2009-05-04T12:34:01 klippershortcuts.upd: Found new update '04112002'
2009-05-04T12:34:01 Checking update-file '/usr/share/apps/kconf_update/kwiniconify.upd' for new updates
2009-05-04T12:34:01 kwiniconify.upd: Found new update 'iconifyupd3.1'
2009-05-04T12:34:01 Checking update-file '/usr/share/apps/kconf_update/klipperrc.upd' for new updates
2009-05-04T12:34:01 klipperrc.upd: Found new update '25082001'
2009-05-04T12:34:01 klipperrc.upd: Running script 'klipper-1-2.pl'
2009-05-04T12:34:01 klipperrc.upd: Found new update 'kde3.1'
2009-05-04T12:34:01 klipperrc.upd: Running script 'klipper-kde31.sh'
2009-05-04T12:34:01 klipperrc.upd: Updating klipperrc:General:AutoStart to 'true'
2009-05-04T12:34:01 Checking update-file '/usr/share/apps/kconf_update/kopete-pluginloader2.upd' for new updates
2009-05-04T12:34:01 kopete-pluginloader2.upd: Found new update 'kopete0.8/r1'
2009-05-04T12:34:01 kopete-pluginloader2.upd: Running script 'kopete-pluginloader2.sh'
2009-05-04T12:34:01 Checking update-file '/usr/share/apps/kconf_update/kbabel-project.upd' for new updates
2009-05-04T12:34:01 kbabel-project.upd: Found new update 'kde33'
2009-05-04T12:34:01 Checking update-file '/usr/share/apps/kconf_update/korganizer.upd' for new updates
2009-05-04T12:34:01 korganizer.upd: Found new update 'korganizer_3.4_GroupwareCleanup'
2009-05-04T12:34:01 korganizer.upd: Found new update 'korganizer_3.4_WebExport'
2009-05-04T12:34:01 korganizer.upd: Found new update 'korganizer_3.4_FilterAction'
2009-05-04T12:34:01 korganizer.upd: Found new update 'korganizer_3.4_HolidayPlugin'
2009-05-04T12:34:01 Checking update-file '/usr/share/apps/kconf_update/kopete-account-kconf_update.upd' for new updates
2009-05-04T12:34:01 kopete-account-kconf_update.upd: Found new update 'kopete0.7/r1'
2009-05-04T12:34:01 kopete-account-kconf_update.upd: Running script 'kopete-account-kconf_update.sh'
2009-05-04T12:34:01 kopete-account-kconf_update.upd: Found new update 'kopete0.10/r1'
2009-05-04T12:34:01 kopete-account-kconf_update.upd: Running script 'kopete-account-0.10.pl'
2009-05-04T12:34:01 Checking update-file '/usr/share/apps/kconf_update/kwin.upd' for new updates
2009-05-04T12:34:01 kwin.upd: Found new update 'kde3.0r1'
2009-05-04T12:34:01 kwin.upd: Running script 'pluginlibFix.pl'
2009-05-04T12:34:01 kwin.upd: Updating kwinrc:Windows:IgnoreFocusStealingClasses to 'kio_uiserver'
2009-05-04T12:34:01 kwin.upd: Found new update 'kde3.2Xinerama'
2009-05-04T12:34:01 Checking update-file '/usr/share/apps/kconf_update/kcalcrc.upd' for new updates
2009-05-04T12:34:01 kcalcrc.upd: Found new update 'KDE_3_2_0'
2009-05-04T12:34:01 Checking update-file '/usr/share/apps/kconf_update/khotkeys_32b1_update.upd' for new updates
2009-05-04T12:34:01 khotkeys_32b1_update.upd: Found new update 'kde32b1'
2009-05-04T12:34:01 khotkeys_32b1_update.upd: Running script 'khotkeys_update' with arguments '--id kde32b1'
2009-05-04T12:34:02 Checking update-file '/usr/share/apps/kconf_update/kaudiocreator-libkcddb.upd' for new updates
2009-05-04T12:34:02 kaudiocreator-libkcddb.upd: Found new update 'kaudiocreator-libkcddb'
2009-05-04T12:34:02 Checking update-file '/usr/share/apps/kconf_update/kded.upd' for new updates
2009-05-04T12:34:02 kded.upd: Found new update 'kde3.0'
2009-05-25T18:16:26 Checking update-file '/usr/share/apps/kconf_update/kghostview.upd' for new updates
2009-06-20T20:25:29 Checking update-file '/usr/share/apps/kconf_update/kcookiescfg.upd' for new updates
2009-06-20T20:25:29 Checking update-file '/usr/share/apps/kconf_update/kded.upd' for new updates
2009-06-20T20:25:29 Checking update-file '/usr/share/apps/kconf_update/kdeprintrc.upd' for new updates
2009-06-20T20:25:29 Checking update-file '/usr/share/apps/kconf_update/kio_help.upd' for new updates
2009-06-20T20:25:29 Checking update-file '/usr/share/apps/kconf_update/kioslave.upd' for new updates
2009-06-20T20:25:29 kioslave.upd: Found new update 'kde2.2/r1'
2009-06-20T20:25:29 kioslave.upd: Skipping update 'kde2.2/r1'
